<?xml version="1.0" encoding="UTF-8"?>
<testng-results skipped="0" failed="0" ignored="0" total="1" passed="1">
  <reporter-output>
  </reporter-output>
  <suite name="Default suite" duration-ms="122" started-at="2019-03-09T15:33:10Z" finished-at="2019-03-09T15:33:10Z">
    <groups>
    </groups>
    <test name="Default test" duration-ms="122" started-at="2019-03-09T15:33:10Z" finished-at="2019-03-09T15:33:10Z">
      <class name="com.learning.selenium.App">
        <test-method status="PASS" signature="TestRun()[pri:0, instance:com.learning.selenium.App@4b9e13df]" name="TestRun" duration-ms="38" started-at="2019-03-09T15:33:10Z" finished-at="2019-03-09T15:33:10Z">
          <reporter-output>
          </reporter-output>
        </test-method> <!-- TestRun -->
      </class> <!-- com.learning.selenium.App -->
    </test> <!-- Default test -->
  </suite> <!-- Default suite -->
</testng-results>
